# JRE version: Java(TM) SE Runtime Environment (17.0.10+11) (build 17.0.10+11-LTS-240)
# Java VM: Java HotSpot(TM) 64-Bit Server VM (17.0.10+11-LTS-240, mixed mode, sharing, tiered, compressed oops, compressed class ptrs, g1 gc, windows-amd64)
GC Precious Log:
 CPUs: 8 total, 8 available
 Memory: 16073M
 Large Page Support: Disabled
 NUMA Support: Disabled
 Compressed Oops: Enabled (Zero based)
 Heap Region Size: 2M
 Heap Min Capacity: 8M
 Heap Initial Capacity: 252M
 Heap Max Capacity: 4020M
 Pre-touch: Disabled
 Parallel Workers: 8
 Concurrent Workers: 2
 Concurrent Refinement Workers: 8
 Periodic GC: Disabled
Heap:
 garbage-first heap   total 157696K, used 31356K [0x0000000704c00000, 0x0000000800000000)
  region size 2048K, 9 young (18432K), 5 survivors (10240K)
 Metaspace       used 56167K, committed 56512K, reserved 1114112K
  class space    used 7503K, committed 7680K, reserved 1048576K
GC Heap History (18 events):
Event: 0.678 GC heap before
{Heap before GC invocations=0 (full 0):
 garbage-first heap   total 258048K, used 20480K [0x0000000704c00000, 0x0000000800000000)
  region size 2048K, 11 young (22528K), 0 survivors (0K)
 Metaspace       used 5989K, committed 6208K, reserved 1114112K
  class space    used 706K, committed 832K, reserved 1048576K
}
Event: 0.682 GC heap after
{Heap after GC invocations=1 (full 0):
 garbage-first heap   total 258048K, used 7185K [0x0000000704c00000, 0x0000000800000000)
  region size 2048K, 2 young (4096K), 2 survivors (4096K)
 Metaspace       used 5989K, committed 6208K, reserved 1114112K
  class space    used 706K, committed 832K, reserved 1048576K
}
Event: 1.092 GC heap before
{Heap before GC invocations=1 (full 0):
 garbage-first heap   total 258048K, used 27665K [0x0000000704c00000, 0x0000000800000000)
  region size 2048K, 13 young (26624K), 2 survivors (4096K)
 Metaspace       used 12258K, committed 12416K, reserved 1114112K
  class space    used 1490K, committed 1536K, reserved 1048576K
}
Event: 1.097 GC heap after
{Heap after GC invocations=2 (full 0):
 garbage-first heap   total 258048K, used 8541K [0x0000000704c00000, 0x0000000800000000)
  region size 2048K, 1 young (2048K), 1 survivors (2048K)
 Metaspace       used 12258K, committed 12416K, reserved 1114112K
  class space    used 1490K, committed 1536K, reserved 1048576K
}
Event: 2.150 GC heap before
{Heap before GC invocations=2 (full 0):
 garbage-first heap   total 258048K, used 61789K [0x0000000704c00000, 0x0000000800000000)
  region size 2048K, 28 young (57344K), 1 survivors (2048K)
 Metaspace       used 21230K, committed 21504K, reserved 1114112K
  class space    used 2639K, committed 2816K, reserved 1048576K
}
Event: 2.155 GC heap after
{Heap after GC invocations=3 (full 0):
 garbage-first heap   total 258048K, used 12773K [0x0000000704c00000, 0x0000000800000000)
  region size 2048K, 3 young (6144K), 3 survivors (6144K)
 Metaspace       used 21230K, committed 21504K, reserved 1114112K
  class space    used 2639K, committed 2816K, reserved 1048576K
}
Event: 2.606 GC heap before
{Heap before GC invocations=4 (full 0):
 garbage-first heap   total 55296K, used 39397K [0x0000000704c00000, 0x0000000800000000)
  region size 2048K, 16 young (32768K), 3 survivors (6144K)
 Metaspace       used 26443K, committed 26752K, reserved 1114112K
  class space    used 3323K, committed 3456K, reserved 1048576K
}
Event: 2.610 GC heap after
{Heap after GC invocations=5 (full 0):
 garbage-first heap   total 55296K, used 15371K [0x0000000704c00000, 0x0000000800000000)
  region size 2048K, 2 young (4096K), 2 survivors (4096K)
 Metaspace       used 26443K, committed 26752K, reserved 1114112K
  class space    used 3323K, committed 3456K, reserved 1048576K
}
Event: 2.632 GC heap before
{Heap before GC invocations=5 (full 0):
 garbage-first heap   total 55296K, used 17419K [0x0000000704c00000, 0x0000000800000000)
  region size 2048K, 3 young (6144K), 2 survivors (4096K)
 Metaspace       used 26528K, committed 26880K, reserved 1114112K
  class space    used 3339K, committed 3520K, reserved 1048576K
}
Event: 2.634 GC heap after
{Heap after GC invocations=6 (full 0):
 garbage-first heap   total 55296K, used 15717K [0x0000000704c00000, 0x0000000800000000)
  region size 2048K, 1 young (2048K), 1 survivors (2048K)
 Metaspace       used 26528K, committed 26880K, reserved 1114112K
  class space    used 3339K, committed 3520K, reserved 1048576K
}
Event: 3.030 GC heap before
{Heap before GC invocations=6 (full 0):
 garbage-first heap   total 55296K, used 32101K [0x0000000704c00000, 0x0000000800000000)
  region size 2048K, 10 young (20480K), 1 survivors (2048K)
 Metaspace       used 31874K, committed 32192K, reserved 1114112K
  class space    used 4216K, committed 4352K, reserved 1048576K
}
Event: 3.032 GC heap after
{Heap after GC invocations=7 (full 0):
 garbage-first heap   total 55296K, used 16236K [0x0000000704c00000, 0x0000000800000000)
  region size 2048K, 1 young (2048K), 1 survivors (2048K)
 Metaspace       used 31874K, committed 32192K, reserved 1114112K
  class space    used 4216K, committed 4352K, reserved 1048576K
}
Event: 3.913 GC heap before
{Heap before GC invocations=7 (full 0):
 garbage-first heap   total 55296K, used 24428K [0x0000000704c00000, 0x0000000800000000)
  region size 2048K, 6 young (12288K), 1 survivors (2048K)
 Metaspace       used 35664K, committed 35968K, reserved 1114112K
  class space    used 4636K, committed 4800K, reserved 1048576K
}
Event: 3.916 GC heap after
{Heap after GC invocations=8 (full 0):
 garbage-first heap   total 55296K, used 17971K [0x0000000704c00000, 0x0000000800000000)
  region size 2048K, 2 young (4096K), 2 survivors (4096K)
 Metaspace       used 35664K, committed 35968K, reserved 1114112K
  class space    used 4636K, committed 4800K, reserved 1048576K
}
Event: 8.178 GC heap before
{Heap before GC invocations=9 (full 0):
 garbage-first heap   total 55296K, used 36403K [0x0000000704c00000, 0x0000000800000000)
  region size 2048K, 11 young (22528K), 2 survivors (4096K)
 Metaspace       used 43201K, committed 43520K, reserved 1114112K
  class space    used 5682K, committed 5824K, reserved 1048576K
}
Event: 8.181 GC heap after
{Heap after GC invocations=10 (full 0):
 garbage-first heap   total 157696K, used 19366K [0x0000000704c00000, 0x0000000800000000)
  region size 2048K, 2 young (4096K), 2 survivors (4096K)
 Metaspace       used 43201K, committed 43520K, reserved 1114112K
  class space    used 5682K, committed 5824K, reserved 1048576K
}
Event: 11.462 GC heap before
{Heap before GC invocations=10 (full 0):
 garbage-first heap   total 157696K, used 107430K [0x0000000704c00000, 0x0000000800000000)
  region size 2048K, 45 young (92160K), 2 survivors (4096K)
 Metaspace       used 55525K, committed 55872K, reserved 1114112K
  class space    used 7437K, committed 7616K, reserved 1048576K
}
Event: 11.469 GC heap after
{Heap after GC invocations=11 (full 0):
 garbage-first heap   total 157696K, used 25212K [0x0000000704c00000, 0x0000000800000000)
  region size 2048K, 5 young (10240K), 5 survivors (10240K)
 Metaspace       used 55525K, committed 55872K, reserved 1114112K
  class space    used 7437K, committed 7616K, reserved 1048576K
}

